This is pdfTeX, Version 3.14159265-2.6-1.40.16 (TeX Live 2015/Debian) (preloaded format=pdflatex 2017.9.16)  14 OCT 2017 14:07
entering extended mode
 restricted \write18 enabled.
 %&-line parsing enabled.
**poster.tex
(./poster.tex
LaTeX2e <2016/02/01>
Babel <3.9q> and hyphenation patterns for 81 language(s) loaded.
(/usr/share/texlive/texmf-dist/tex/latex/beamer/beamer.cls
(/usr/share/texlive/texmf-dist/tex/latex/beamer/beamerbasercs.sty
Package: beamerbasercs 2015/03/08 (rcs-revision 368aa9ba9d38)
)
Document Class: beamer 2015/01/05 3.36 A class for typesetting presentations (r
cs-revision 8a39122e1f63)
(/usr/share/texlive/texmf-dist/tex/latex/beamer/beamerbasemodes.sty
Package: beamerbasemodes 2013/09/03 (rcs-revision 768f2d98ca64)
\beamer@tempbox=\box26
\beamer@tempcount=\count79
\c@beamerpauses=\count80

(/usr/share/texlive/texmf-dist/tex/latex/beamer/beamerbasedecode.sty
Package: beamerbasedecode 2010/05/01 (rcs-revision efa082c6111d)
\beamer@slideinframe=\count81
\beamer@minimum=\count82
)
\beamer@commentbox=\box27
\beamer@modecount=\count83
)
(/usr/share/texlive/texmf-dist/tex/generic/oberdiek/ifpdf.sty
Package: ifpdf 2011/01/30 v2.3 Provides the ifpdf switch (HO)
Package ifpdf Info: pdfTeX in PDF mode is detected.
)
\headheight=\dimen102
\headdp=\dimen103
\footheight=\dimen104
\sidebarheight=\dimen105
\beamer@tempdim=\dimen106
\beamer@finalheight=\dimen107
\beamer@animht=\dimen108
\beamer@animdp=\dimen109
\beamer@animwd=\dimen110
\beamer@leftmargin=\dimen111
\beamer@rightmargin=\dimen112
\beamer@leftsidebar=\dimen113
\beamer@rightsidebar=\dimen114
\beamer@boxsize=\dimen115
\beamer@vboxoffset=\dimen116
\beamer@descdefault=\dimen117
\beamer@descriptionwidth=\dimen118
\beamer@lastskip=\skip41
\beamer@areabox=\box28
\beamer@animcurrent=\box29
\beamer@animshowbox=\box30
\beamer@sectionbox=\box31
\beamer@logobox=\box32
\beamer@linebox=\box33
\beamer@sectioncount=\count84
\beamer@subsubsectionmax=\count85
\beamer@subsectionmax=\count86
\beamer@sectionmax=\count87
\beamer@totalheads=\count88
\beamer@headcounter=\count89
\beamer@partstartpage=\count90
\beamer@sectionstartpage=\count91
\beamer@subsectionstartpage=\count92
\beamer@animationtempa=\count93
\beamer@animationtempb=\count94
\beamer@xpos=\count95
\beamer@ypos=\count96
\beamer@showpartnumber=\count97
\beamer@currentsubsection=\count98
\beamer@coveringdepth=\count99
\beamer@sectionadjust=\count100
\beamer@tocsectionnumber=\count101

(/usr/share/texlive/texmf-dist/tex/latex/beamer/beamerbaseoptions.sty
Package: beamerbaseoptions 2013/03/10 (rcs-revision 47431932db0d)

(/usr/share/texlive/texmf-dist/tex/latex/graphics/keyval.sty
Package: keyval 2014/10/28 v1.15 key=value parser (DPC)
\KV@toks@=\toks14
))
\beamer@paperwidth=\skip42
\beamer@paperheight=\skip43

(/usr/share/texlive/texmf-dist/tex/latex/geometry/geometry.sty
Package: geometry 2010/09/12 v5.6 Page Geometry

(/usr/share/texlive/texmf-dist/tex/generic/oberdiek/ifvtex.sty
Package: ifvtex 2010/03/01 v1.5 Detect VTeX and its facilities (HO)
Package ifvtex Info: VTeX not detected.
)
(/usr/share/texlive/texmf-dist/tex/generic/ifxetex/ifxetex.sty
Package: ifxetex 2010/09/12 v0.6 Provides ifxetex conditional
)
\Gm@cnth=\count102
\Gm@cntv=\count103
\c@Gm@tempcnt=\count104
\Gm@bindingoffset=\dimen119
\Gm@wd@mp=\dimen120
\Gm@odd@mp=\dimen121
\Gm@even@mp=\dimen122
\Gm@layoutwidth=\dimen123
\Gm@layoutheight=\dimen124
\Gm@layouthoffset=\dimen125
\Gm@layoutvoffset=\dimen126
\Gm@dimlist=\toks15
)
(/usr/share/texlive/texmf-dist/tex/latex/base/size11.clo
File: size11.clo 2014/09/29 v1.4h Standard LaTeX file (size option)
)
(/usr/share/texlive/texmf-dist/tex/latex/pgf/basiclayer/pgfcore.sty
(/usr/share/texlive/texmf-dist/tex/latex/graphics/graphicx.sty
Package: graphicx 2014/10/28 v1.0g Enhanced LaTeX Graphics (DPC,SPQR)

(/usr/share/texlive/texmf-dist/tex/latex/graphics/graphics.sty
Package: graphics 2016/01/03 v1.0q Standard LaTeX Graphics (DPC,SPQR)

(/usr/share/texlive/texmf-dist/tex/latex/graphics/trig.sty
Package: trig 2016/01/03 v1.10 sin cos tan (DPC)
)
(/usr/share/texlive/texmf-dist/tex/latex/latexconfig/graphics.cfg
File: graphics.cfg 2010/04/23 v1.9 graphics configuration of TeX Live
)
Package graphics Info: Driver file: pdftex.def on input line 95.

(/usr/share/texlive/texmf-dist/tex/latex/pdftex-def/pdftex.def
File: pdftex.def 2011/05/27 v0.06d Graphics/color for pdfTeX

(/usr/share/texlive/texmf-dist/tex/generic/oberdiek/infwarerr.sty
Package: infwarerr 2010/04/08 v1.3 Providing info/warning/error messages (HO)
)
(/usr/share/texlive/texmf-dist/tex/generic/oberdiek/ltxcmds.sty
Package: ltxcmds 2011/11/09 v1.22 LaTeX kernel commands for general use (HO)
)
\Gread@gobject=\count105
))
\Gin@req@height=\dimen127
\Gin@req@width=\dimen128
)
(/usr/share/texlive/texmf-dist/tex/latex/pgf/systemlayer/pgfsys.sty
(/usr/share/texlive/texmf-dist/tex/latex/pgf/utilities/pgfrcs.sty
(/usr/share/texlive/texmf-dist/tex/generic/pgf/utilities/pgfutil-common.tex
\pgfutil@everybye=\toks16
\pgfutil@tempdima=\dimen129
\pgfutil@tempdimb=\dimen130

(/usr/share/texlive/texmf-dist/tex/generic/pgf/utilities/pgfutil-common-lists.t
ex)) (/usr/share/texlive/texmf-dist/tex/generic/pgf/utilities/pgfutil-latex.def
\pgfutil@abb=\box34
(/usr/share/texlive/texmf-dist/tex/latex/ms/everyshi.sty
Package: everyshi 2001/05/15 v3.00 EveryShipout Package (MS)
))
(/usr/share/texlive/texmf-dist/tex/generic/pgf/utilities/pgfrcs.code.tex
Package: pgfrcs 2015/08/07 v3.0.1a (rcs-revision 1.31)
))
(/usr/share/texlive/texmf-dist/tex/generic/pgf/systemlayer/pgfsys.code.tex
Package: pgfsys 2014/07/09 v3.0.1a (rcs-revision 1.48)

(/usr/share/texlive/texmf-dist/tex/generic/pgf/utilities/pgfkeys.code.tex
\pgfkeys@pathtoks=\toks17
\pgfkeys@temptoks=\toks18

(/usr/share/texlive/texmf-dist/tex/generic/pgf/utilities/pgfkeysfiltered.code.t
ex
\pgfkeys@tmptoks=\toks19
))
\pgf@x=\dimen131
\pgf@y=\dimen132
\pgf@xa=\dimen133
\pgf@ya=\dimen134
\pgf@xb=\dimen135
\pgf@yb=\dimen136
\pgf@xc=\dimen137
\pgf@yc=\dimen138
\w@pgf@writea=\write3
\r@pgf@reada=\read1
\c@pgf@counta=\count106
\c@pgf@countb=\count107
\c@pgf@countc=\count108
\c@pgf@countd=\count109
\t@pgf@toka=\toks20
\t@pgf@tokb=\toks21
\t@pgf@tokc=\toks22
 (/usr/share/texlive/texmf-dist/tex/generic/pgf/systemlayer/pgf.cfg
File: pgf.cfg 2008/05/14  (rcs-revision 1.7)
)
Driver file for pgf: pgfsys-pdftex.def

(/usr/share/texlive/texmf-dist/tex/generic/pgf/systemlayer/pgfsys-pdftex.def
File: pgfsys-pdftex.def 2014/10/11  (rcs-revision 1.35)

(/usr/share/texlive/texmf-dist/tex/generic/pgf/systemlayer/pgfsys-common-pdf.de
f
File: pgfsys-common-pdf.def 2013/10/10  (rcs-revision 1.13)
)))
(/usr/share/texlive/texmf-dist/tex/generic/pgf/systemlayer/pgfsyssoftpath.code.
tex
File: pgfsyssoftpath.code.tex 2013/09/09  (rcs-revision 1.9)
\pgfsyssoftpath@smallbuffer@items=\count110
\pgfsyssoftpath@bigbuffer@items=\count111
)
(/usr/share/texlive/texmf-dist/tex/generic/pgf/systemlayer/pgfsysprotocol.code.
tex
File: pgfsysprotocol.code.tex 2006/10/16  (rcs-revision 1.4)
)) (/usr/share/texlive/texmf-dist/tex/latex/xcolor/xcolor.sty
Package: xcolor 2007/01/21 v2.11 LaTeX color extensions (UK)

(/usr/share/texlive/texmf-dist/tex/latex/latexconfig/color.cfg
File: color.cfg 2007/01/18 v1.5 color configuration of teTeX/TeXLive
)
Package xcolor Info: Driver file: pdftex.def on input line 225.
Package xcolor Info: Model `cmy' substituted by `cmy0' on input line 1337.
Package xcolor Info: Model `hsb' substituted by `rgb' on input line 1341.
Package xcolor Info: Model `RGB' extended on input line 1353.
Package xcolor Info: Model `HTML' substituted by `rgb' on input line 1355.
Package xcolor Info: Model `Hsb' substituted by `hsb' on input line 1356.
Package xcolor Info: Model `tHsb' substituted by `hsb' on input line 1357.
Package xcolor Info: Model `HSB' substituted by `hsb' on input line 1358.
Package xcolor Info: Model `Gray' substituted by `gray' on input line 1359.
Package xcolor Info: Model `wave' substituted by `hsb' on input line 1360.
)
(/usr/share/texlive/texmf-dist/tex/generic/pgf/basiclayer/pgfcore.code.tex
Package: pgfcore 2010/04/11 v3.0.1a (rcs-revision 1.7)

(/usr/share/texlive/texmf-dist/tex/generic/pgf/math/pgfmath.code.tex
(/usr/share/texlive/texmf-dist/tex/generic/pgf/math/pgfmathcalc.code.tex
(/usr/share/texlive/texmf-dist/tex/generic/pgf/math/pgfmathutil.code.tex)
(/usr/share/texlive/texmf-dist/tex/generic/pgf/math/pgfmathparser.code.tex
\pgfmath@dimen=\dimen139
\pgfmath@count=\count112
\pgfmath@box=\box35
\pgfmath@toks=\toks23
\pgfmath@stack@operand=\toks24
\pgfmath@stack@operation=\toks25
)
(/usr/share/texlive/texmf-dist/tex/generic/pgf/math/pgfmathfunctions.code.tex
(/usr/share/texlive/texmf-dist/tex/generic/pgf/math/pgfmathfunctions.basic.code
.tex)
(/usr/share/texlive/texmf-dist/tex/generic/pgf/math/pgfmathfunctions.trigonomet
ric.code.tex)
(/usr/share/texlive/texmf-dist/tex/generic/pgf/math/pgfmathfunctions.random.cod
e.tex)
(/usr/share/texlive/texmf-dist/tex/generic/pgf/math/pgfmathfunctions.comparison
.code.tex)
(/usr/share/texlive/texmf-dist/tex/generic/pgf/math/pgfmathfunctions.base.code.
tex)
(/usr/share/texlive/texmf-dist/tex/generic/pgf/math/pgfmathfunctions.round.code
.tex)
(/usr/share/texlive/texmf-dist/tex/generic/pgf/math/pgfmathfunctions.misc.code.
tex)
(/usr/share/texlive/texmf-dist/tex/generic/pgf/math/pgfmathfunctions.integerari
thmetics.code.tex)))
(/usr/share/texlive/texmf-dist/tex/generic/pgf/math/pgfmathfloat.code.tex
\c@pgfmathroundto@lastzeros=\count113
))
(/usr/share/texlive/texmf-dist/tex/generic/pgf/basiclayer/pgfcorepoints.code.te
x
File: pgfcorepoints.code.tex 2013/10/07  (rcs-revision 1.27)
\pgf@picminx=\dimen140
\pgf@picmaxx=\dimen141
\pgf@picminy=\dimen142
\pgf@picmaxy=\dimen143
\pgf@pathminx=\dimen144
\pgf@pathmaxx=\dimen145
\pgf@pathminy=\dimen146
\pgf@pathmaxy=\dimen147
\pgf@xx=\dimen148
\pgf@xy=\dimen149
\pgf@yx=\dimen150
\pgf@yy=\dimen151
\pgf@zx=\dimen152
\pgf@zy=\dimen153
)
(/usr/share/texlive/texmf-dist/tex/generic/pgf/basiclayer/pgfcorepathconstruct.
code.tex
File: pgfcorepathconstruct.code.tex 2013/10/07  (rcs-revision 1.29)
\pgf@path@lastx=\dimen154
\pgf@path@lasty=\dimen155
)
(/usr/share/texlive/texmf-dist/tex/generic/pgf/basiclayer/pgfcorepathusage.code
.tex
File: pgfcorepathusage.code.tex 2014/11/02  (rcs-revision 1.24)
\pgf@shorten@end@additional=\dimen156
\pgf@shorten@start@additional=\dimen157
)
(/usr/share/texlive/texmf-dist/tex/generic/pgf/basiclayer/pgfcorescopes.code.te
x
File: pgfcorescopes.code.tex 2015/05/08  (rcs-revision 1.46)
\pgfpic=\box36
\pgf@hbox=\box37
\pgf@layerbox@main=\box38
\pgf@picture@serial@count=\count114
)
(/usr/share/texlive/texmf-dist/tex/generic/pgf/basiclayer/pgfcoregraphicstate.c
ode.tex
File: pgfcoregraphicstate.code.tex 2014/11/02  (rcs-revision 1.12)
\pgflinewidth=\dimen158
)
(/usr/share/texlive/texmf-dist/tex/generic/pgf/basiclayer/pgfcoretransformation
s.code.tex
File: pgfcoretransformations.code.tex 2015/08/07  (rcs-revision 1.20)
\pgf@pt@x=\dimen159
\pgf@pt@y=\dimen160
\pgf@pt@temp=\dimen161
)
(/usr/share/texlive/texmf-dist/tex/generic/pgf/basiclayer/pgfcorequick.code.tex
File: pgfcorequick.code.tex 2008/10/09  (rcs-revision 1.3)
)
(/usr/share/texlive/texmf-dist/tex/generic/pgf/basiclayer/pgfcoreobjects.code.t
ex
File: pgfcoreobjects.code.tex 2006/10/11  (rcs-revision 1.2)
)
(/usr/share/texlive/texmf-dist/tex/generic/pgf/basiclayer/pgfcorepathprocessing
.code.tex
File: pgfcorepathprocessing.code.tex 2013/09/09  (rcs-revision 1.9)
)
(/usr/share/texlive/texmf-dist/tex/generic/pgf/basiclayer/pgfcorearrows.code.te
x
File: pgfcorearrows.code.tex 2015/05/14  (rcs-revision 1.43)
\pgfarrowsep=\dimen162
)
(/usr/share/texlive/texmf-dist/tex/generic/pgf/basiclayer/pgfcoreshade.code.tex
File: pgfcoreshade.code.tex 2013/07/15  (rcs-revision 1.15)
\pgf@max=\dimen163
\pgf@sys@shading@range@num=\count115
)
(/usr/share/texlive/texmf-dist/tex/generic/pgf/basiclayer/pgfcoreimage.code.tex
File: pgfcoreimage.code.tex 2013/07/15  (rcs-revision 1.18)

(/usr/share/texlive/texmf-dist/tex/generic/pgf/basiclayer/pgfcoreexternal.code.
tex
File: pgfcoreexternal.code.tex 2014/07/09  (rcs-revision 1.21)
\pgfexternal@startupbox=\box39
))
(/usr/share/texlive/texmf-dist/tex/generic/pgf/basiclayer/pgfcorelayers.code.te
x
File: pgfcorelayers.code.tex 2013/07/18  (rcs-revision 1.7)
)
(/usr/share/texlive/texmf-dist/tex/generic/pgf/basiclayer/pgfcoretransparency.c
ode.tex
File: pgfcoretransparency.code.tex 2013/09/30  (rcs-revision 1.5)
)
(/usr/share/texlive/texmf-dist/tex/generic/pgf/basiclayer/pgfcorepatterns.code.
tex
File: pgfcorepatterns.code.tex 2013/11/07  (rcs-revision 1.5)
))) (/usr/share/texlive/texmf-dist/tex/latex/pgf/utilities/xxcolor.sty
Package: xxcolor 2003/10/24 ver 0.1
\XC@nummixins=\count116
\XC@countmixins=\count117
)
(/usr/share/texlive/texmf-dist/tex/generic/oberdiek/atbegshi.sty
Package: atbegshi 2011/10/05 v1.16 At begin shipout hook (HO)
)
(/usr/share/texlive/texmf-dist/tex/latex/hyperref/hyperref.sty
Package: hyperref 2012/11/06 v6.83m Hypertext links for LaTeX

(/usr/share/texlive/texmf-dist/tex/generic/oberdiek/hobsub-hyperref.sty
Package: hobsub-hyperref 2012/05/28 v1.13 Bundle oberdiek, subset hyperref (HO)


(/usr/share/texlive/texmf-dist/tex/generic/oberdiek/hobsub-generic.sty
Package: hobsub-generic 2012/05/28 v1.13 Bundle oberdiek, subset generic (HO)
Package: hobsub 2012/05/28 v1.13 Construct package bundles (HO)
Package hobsub Info: Skipping package `infwarerr' (already loaded).
Package hobsub Info: Skipping package `ltxcmds' (already loaded).
Package: ifluatex 2010/03/01 v1.3 Provides the ifluatex switch (HO)
Package ifluatex Info: LuaTeX not detected.
Package hobsub Info: Skipping package `ifvtex' (already loaded).
Package: intcalc 2007/09/27 v1.1 Expandable calculations with integers (HO)
Package hobsub Info: Skipping package `ifpdf' (already loaded).
Package: etexcmds 2011/02/16 v1.5 Avoid name clashes with e-TeX commands (HO)
Package etexcmds Info: Could not find \expanded.
(etexcmds)             That can mean that you are not using pdfTeX 1.50 or
(etexcmds)             that some package has redefined \expanded.
(etexcmds)             In the latter case, load this package earlier.
Package: kvsetkeys 2012/04/25 v1.16 Key value parser (HO)
Package: kvdefinekeys 2011/04/07 v1.3 Define keys (HO)
Package: pdftexcmds 2011/11/29 v0.20 Utility functions of pdfTeX for LuaTeX (HO
)
Package pdftexcmds Info: LuaTeX not detected.
Package pdftexcmds Info: \pdf@primitive is available.
Package pdftexcmds Info: \pdf@ifprimitive is available.
Package pdftexcmds Info: \pdfdraftmode found.
Package: pdfescape 2011/11/25 v1.13 Implements pdfTeX's escape features (HO)
Package: bigintcalc 2012/04/08 v1.3 Expandable calculations on big integers (HO
)
Package: bitset 2011/01/30 v1.1 Handle bit-vector datatype (HO)
Package: uniquecounter 2011/01/30 v1.2 Provide unlimited unique counter (HO)
)
Package hobsub Info: Skipping package `hobsub' (already loaded).
Package: letltxmacro 2010/09/02 v1.4 Let assignment for LaTeX macros (HO)
Package: hopatch 2012/05/28 v1.2 Wrapper for package hooks (HO)
Package: xcolor-patch 2011/01/30 xcolor patch
Package: atveryend 2011/06/30 v1.8 Hooks at the very end of document (HO)
Package atveryend Info: \enddocument detected (standard20110627).
Package hobsub Info: Skipping package `atbegshi' (already loaded).
Package: refcount 2011/10/16 v3.4 Data extraction from label references (HO)
Package: hycolor 2011/01/30 v1.7 Color options for hyperref/bookmark (HO)
)
(/usr/share/texlive/texmf-dist/tex/latex/oberdiek/auxhook.sty
Package: auxhook 2011/03/04 v1.3 Hooks for auxiliary files (HO)
)
(/usr/share/texlive/texmf-dist/tex/latex/oberdiek/kvoptions.sty
Package: kvoptions 2011/06/30 v3.11 Key value format for package options (HO)
)
\@linkdim=\dimen164
\Hy@linkcounter=\count118
\Hy@pagecounter=\count119

(/usr/share/texlive/texmf-dist/tex/latex/hyperref/pd1enc.def
File: pd1enc.def 2012/11/06 v6.83m Hyperref: PDFDocEncoding definition (HO)
)
\Hy@SavedSpaceFactor=\count120

(/usr/share/texlive/texmf-dist/tex/latex/latexconfig/hyperref.cfg
File: hyperref.cfg 2002/06/06 v1.2 hyperref configuration of TeXLive
)
Package hyperref Info: Option `final' set `true' on input line 4319.
Package hyperref Info: Option `bookmarks' set `true' on input line 4319.
Package hyperref Info: Option `bookmarksopen' set `true' on input line 4319.
Package hyperref Info: Option `pdfpagelabels' set `false' on input line 4319.
Package hyperref Info: Option `implicit' set `false' on input line 4319.
Package hyperref Info: Hyper figures OFF on input line 4443.
Package hyperref Info: Link nesting OFF on input line 4448.
Package hyperref Info: Hyper index ON on input line 4451.
Package hyperref Info: Plain pages OFF on input line 4458.
Package hyperref Info: Backreferencing OFF on input line 4463.
Package hyperref Info: Implicit mode OFF; no redefinition of LaTeX internals.
Package hyperref Info: Bookmarks ON on input line 4688.
\c@Hy@tempcnt=\count121

(/usr/share/texlive/texmf-dist/tex/latex/url/url.sty
\Urlmuskip=\muskip10
Package: url 2013/09/16  ver 3.4  Verb mode for urls, etc.
)
LaTeX Info: Redefining \url on input line 5041.
\XeTeXLinkMargin=\dimen165
\Fld@menulength=\count122
\Field@Width=\dimen166
\Fld@charsize=\dimen167
Package hyperref Info: Hyper figures OFF on input line 6295.
Package hyperref Info: Link nesting OFF on input line 6300.
Package hyperref Info: Hyper index ON on input line 6303.
Package hyperref Info: backreferencing OFF on input line 6310.
Package hyperref Info: Link coloring OFF on input line 6315.
Package hyperref Info: Link coloring with OCG OFF on input line 6320.
Package hyperref Info: PDF/A mode OFF on input line 6325.
LaTeX Info: Redefining \ref on input line 6365.
LaTeX Info: Redefining \pageref on input line 6369.


Package hyperref Message: Stopped early.

)

Package hyperref Message: Driver (autodetected): hpdftex.

(/usr/share/texlive/texmf-dist/tex/latex/hyperref/hpdftex.def
File: hpdftex.def 2012/11/06 v6.83m Hyperref driver for pdfTeX
\Fld@listcount=\count123
\c@bookmark@seq@number=\count124

(/usr/share/texlive/texmf-dist/tex/latex/oberdiek/rerunfilecheck.sty
Package: rerunfilecheck 2011/04/15 v1.7 Rerun checks for auxiliary files (HO)
Package uniquecounter Info: New unique counter `rerunfilecheck' on input line 2
82.
))
(/usr/share/texlive/texmf-dist/tex/latex/beamer/beamerbaserequires.sty
Package: beamerbaserequires 2010/05/01  (rcs-revision efa082c6111d)

(/usr/share/texlive/texmf-dist/tex/latex/beamer/beamerbasecompatibility.sty
Package: beamerbasecompatibility 2012/05/01  (rcs-revision 67c48b3b652d)
)
(/usr/share/texlive/texmf-dist/tex/latex/beamer/beamerbasefont.sty
Package: beamerbasefont 2015/01/05  (rcs-revision b4b4bee242e2)

(/usr/share/texlive/texmf-dist/tex/latex/amsfonts/amssymb.sty
Package: amssymb 2013/01/14 v3.01 AMS font symbols

(/usr/share/texlive/texmf-dist/tex/latex/amsfonts/amsfonts.sty
Package: amsfonts 2013/01/14 v3.01 Basic AMSFonts support
\@emptytoks=\toks26
\symAMSa=\mathgroup4
\symAMSb=\mathgroup5
LaTeX Font Info:    Overwriting math alphabet `\mathfrak' in version `bold'
(Font)                  U/euf/m/n --> U/euf/b/n on input line 106.
))
(/usr/share/texlive/texmf-dist/tex/latex/sansmathaccent/sansmathaccent.sty
Package: sansmathaccent 2013/03/28

(/usr/share/texlive/texmf-dist/tex/latex/filehook/filehook.sty
Package: filehook 2011/10/12 v0.5d Hooks for input files
)))
(/usr/share/texlive/texmf-dist/tex/latex/beamer/beamerbasetranslator.sty
Package: beamerbasetranslator 2010/06/11  (rcs-revision 85fd1cc7fc42)

(/usr/share/texlive/texmf-dist/tex/latex/beamer/translator/translator.sty
Package: translator 2010/06/12 ver 1.10

(/usr/share/texlive/texmf-dist/tex/latex/beamer/translator/translator-language-
mappings.tex)))
(/usr/share/texlive/texmf-dist/tex/latex/beamer/beamerbasemisc.sty
Package: beamerbasemisc 2013/09/03  (rcs-revision a55719c41d85)
)
(/usr/share/texlive/texmf-dist/tex/latex/beamer/beamerbasetwoscreens.sty
Package: beamerbasetwoscreens 2010/05/01  (rcs-revision efa082c6111d)
)
(/usr/share/texlive/texmf-dist/tex/latex/beamer/beamerbaseoverlay.sty
Package: beamerbaseoverlay 2013/12/25  (rcs-revision f6bd5e3805da)
\beamer@argscount=\count125
\beamer@lastskipcover=\skip44
\beamer@trivlistdepth=\count126
)
(/usr/share/texlive/texmf-dist/tex/latex/beamer/beamerbasetitle.sty
Package: beamerbasetitle 2010/09/21  (rcs-revision f0446ed0b6ae)
)
(/usr/share/texlive/texmf-dist/tex/latex/beamer/beamerbasesection.sty
Package: beamerbasesection 2013/06/07  (rcs-revision 60b9fe0f342f)
\c@lecture=\count127
\c@part=\count128
\c@section=\count129
\c@subsection=\count130
\c@subsubsection=\count131
)
(/usr/share/texlive/texmf-dist/tex/latex/beamer/beamerbaseframe.sty
Package: beamerbaseframe 2014/02/20  (rcs-revision 4b8ceeeff434)
\beamer@framebox=\box40
\beamer@frametitlebox=\box41
\beamer@zoombox=\box42
\beamer@zoomcount=\count132
\beamer@zoomframecount=\count133
\beamer@frametextheight=\dimen168
\c@subsectionslide=\count134
\beamer@frametopskip=\skip45
\beamer@framebottomskip=\skip46
\beamer@frametopskipautobreak=\skip47
\beamer@framebottomskipautobreak=\skip48
\beamer@envbody=\toks27
\framewidth=\dimen169
\c@framenumber=\count135
)
(/usr/share/texlive/texmf-dist/tex/latex/beamer/beamerbaseverbatim.sty
Package: beamerbaseverbatim 2015/01/05  (rcs-revision 431510bb5890)
\beamer@verbatimfileout=\write4
)
(/usr/share/texlive/texmf-dist/tex/latex/beamer/beamerbaseframesize.sty
Package: beamerbaseframesize 2011/09/12  (rcs-revision 70f9d8411e54)
\beamer@splitbox=\box43
\beamer@autobreakcount=\count136
\beamer@autobreaklastheight=\dimen170
\beamer@frametitletoks=\toks28
\beamer@framesubtitletoks=\toks29
)
(/usr/share/texlive/texmf-dist/tex/latex/beamer/beamerbaseframecomponents.sty
Package: beamerbaseframecomponents 2013/10/18  (rcs-revision 5cf6c5555a45)
\beamer@footins=\box44
)
(/usr/share/texlive/texmf-dist/tex/latex/beamer/beamerbasecolor.sty
Package: beamerbasecolor 2015/02/21  (rcs-revision d944b04ee2d5)
)
(/usr/share/texlive/texmf-dist/tex/latex/beamer/beamerbasenotes.sty
Package: beamerbasenotes 2012/12/19  (rcs-revision 1686da3db3c9)
\beamer@frameboxcopy=\box45
)
(/usr/share/texlive/texmf-dist/tex/latex/beamer/beamerbasetoc.sty
Package: beamerbasetoc 2015/03/08  (rcs-revision 7270298bbaae)
)
(/usr/share/texlive/texmf-dist/tex/latex/beamer/beamerbasetemplates.sty
Package: beamerbasetemplates 2010/05/01  (rcs-revision efa082c6111d)
\beamer@sbttoks=\toks30

(/usr/share/texlive/texmf-dist/tex/latex/beamer/beamerbaseauxtemplates.sty
Package: beamerbaseauxtemplates 2014/06/30  (rcs-revision 580088513a67)

(/usr/share/texlive/texmf-dist/tex/latex/beamer/beamerbaseboxes.sty
Package: beamerbaseboxes 2012/05/13  (rcs-revision 56972908a390)
\bmb@box=\box46
\bmb@colorbox=\box47
\bmb@boxshadow=\box48
\bmb@boxshadowball=\box49
\bmb@boxshadowballlarge=\box50
\bmb@temp=\dimen171
\bmb@dima=\dimen172
\bmb@dimb=\dimen173
\bmb@prevheight=\dimen174
)
\beamer@blockheadheight=\dimen175
))
(/usr/share/texlive/texmf-dist/tex/latex/beamer/beamerbaselocalstructure.sty
Package: beamerbaselocalstructure 2014/09/10  (rcs-revision 393f6dcff371)

(/usr/share/texlive/texmf-dist/tex/latex/tools/enumerate.sty
Package: enumerate 2015/07/23 v3.00 enumerate extensions (DPC)
\@enLab=\toks31
)
\c@figure=\count137
\c@table=\count138
\abovecaptionskip=\skip49
\belowcaptionskip=\skip50
)
(/usr/share/texlive/texmf-dist/tex/latex/beamer/beamerbasenavigation.sty
Package: beamerbasenavigation 2015/02/27  (rcs-revision 923f4bf87efa)
\beamer@section@min@dim=\dimen176
)
(/usr/share/texlive/texmf-dist/tex/latex/beamer/beamerbasetheorems.sty
Package: beamerbasetheorems 2010/06/06  (rcs-revision 7e7cc5e53e9d)

(/usr/share/texlive/texmf-dist/tex/latex/amsmath/amsmath.sty
Package: amsmath 2016/03/03 v2.15a AMS math features
\@mathmargin=\skip51

For additional information on amsmath, use the `?' option.
(/usr/share/texlive/texmf-dist/tex/latex/amsmath/amstext.sty
Package: amstext 2000/06/29 v2.01 AMS text

(/usr/share/texlive/texmf-dist/tex/latex/amsmath/amsgen.sty
File: amsgen.sty 1999/11/30 v2.0 generic functions
\@emptytoks=\toks32
\ex@=\dimen177
))
(/usr/share/texlive/texmf-dist/tex/latex/amsmath/amsbsy.sty
Package: amsbsy 1999/11/29 v1.2d Bold Symbols
\pmbraise@=\dimen178
)
(/usr/share/texlive/texmf-dist/tex/latex/amsmath/amsopn.sty
Package: amsopn 1999/12/14 v2.01 operator names
)
\inf@bad=\count139
LaTeX Info: Redefining \frac on input line 199.
\uproot@=\count140
\leftroot@=\count141
LaTeX Info: Redefining \overline on input line 297.
\classnum@=\count142
\DOTSCASE@=\count143
LaTeX Info: Redefining \ldots on input line 394.
LaTeX Info: Redefining \dots on input line 397.
LaTeX Info: Redefining \cdots on input line 518.
\Mathstrutbox@=\box51
\strutbox@=\box52
\big@size=\dimen179
LaTeX Font Info:    Redeclaring font encoding OML on input line 630.
LaTeX Font Info:    Redeclaring font encoding OMS on input line 631.
\macc@depth=\count144
\c@MaxMatrixCols=\count145
\dotsspace@=\muskip11
\c@parentequation=\count146
\dspbrk@lvl=\count147
\tag@help=\toks33
\row@=\count148
\column@=\count149
\maxfields@=\count150
\andhelp@=\toks34
\eqnshift@=\dimen180
\alignsep@=\dimen181
\tagshift@=\dimen182
\tagwidth@=\dimen183
\totwidth@=\dimen184
\lineht@=\dimen185
\@envbody=\toks35
\multlinegap=\skip52
\multlinetaggap=\skip53
\mathdisplay@stack=\toks36
LaTeX Info: Redefining \[ on input line 2735.
LaTeX Info: Redefining \] on input line 2736.
)
(/usr/share/texlive/texmf-dist/tex/latex/amscls/amsthm.sty
Package: amsthm 2015/03/04 v2.20.2
\thm@style=\toks37
\thm@bodyfont=\toks38
\thm@headfont=\toks39
\thm@notefont=\toks40
\thm@headpunct=\toks41
\thm@preskip=\skip54
\thm@postskip=\skip55
\thm@headsep=\skip56
\dth@everypar=\toks42
)
\c@theorem=\count151
)
(/usr/share/texlive/texmf-dist/tex/latex/beamer/beamerbasethemes.sty
Package: beamerbasethemes 2010/05/01  (rcs-revision efa082c6111d)
))
(/usr/share/texlive/texmf-dist/tex/latex/beamer/themes/theme/beamerthemedefault
.sty
Package: beamerthemedefault 2010/06/17  (rcs-revision d02a7cf4d8ae)

(/usr/share/texlive/texmf-dist/tex/latex/beamer/themes/font/beamerfontthemedefa
ult.sty
Package: beamerfontthemedefault 2012/12/19  (rcs-revision 1686da3db3c9)
)
(/usr/share/texlive/texmf-dist/tex/latex/beamer/themes/color/beamercolorthemede
fault.sty
Package: beamercolorthemedefault 2012/12/19  (rcs-revision 1686da3db3c9)
)
(/usr/share/texlive/texmf-dist/tex/latex/beamer/themes/inner/beamerinnerthemede
fault.sty
Package: beamerinnerthemedefault 2014/06/30  (rcs-revision 580088513a67)
\beamer@dima=\dimen186
\beamer@dimb=\dimen187
)
(/usr/share/texlive/texmf-dist/tex/latex/beamer/themes/outer/beamerouterthemede
fault.sty
Package: beamerouterthemedefault 2012/12/19  (rcs-revision 1686da3db3c9)
)))
(/usr/share/texlive/texmf-dist/tex/latex/beamer/themes/theme/beamerthemeBerlin.
sty
Package: beamerthemeBerlin 2010/06/17  (rcs-revision d02a7cf4d8ae)

(/usr/share/texlive/texmf-dist/tex/latex/beamer/themes/outer/beamerouterthememi
niframes.sty
Package: beamerouterthememiniframes 2010/06/17  (rcs-revision d02a7cf4d8ae)
)
(/usr/share/texlive/texmf-dist/tex/latex/beamer/themes/color/beamercolorthemewh
ale.sty
Package: beamercolorthemewhale 2010/06/17  (rcs-revision d02a7cf4d8ae)
)
(/usr/share/texlive/texmf-dist/tex/latex/beamer/themes/color/beamercolorthemeor
chid.sty
Package: beamercolorthemeorchid 2010/06/17  (rcs-revision d02a7cf4d8ae)
)
(/usr/share/texlive/texmf-dist/tex/latex/beamer/themes/inner/beamerinnerthemere
ctangles.sty
Package: beamerinnerthemerectangles 2010/06/17  (rcs-revision d02a7cf4d8ae)
))
(/usr/share/texlive/texmf-dist/tex/latex/beamer/themes/color/beamercolorthemebe
aver.sty
Package: beamercolorthemebeaver 2010/06/17  (rcs-revision d02a7cf4d8ae)
) (/usr/share/texlive/texmf-dist/tex/latex/psnfss/times.sty
Package: times 2005/04/12 PSNFSS-v9.2a (SPQR) 
)
(/usr/share/texlive/texmf-dist/tex/latex/base/latexsym.sty
Package: latexsym 1998/08/17 v2.2e Standard LaTeX package (lasy symbols)
\symlasy=\mathgroup6
LaTeX Font Info:    Overwriting symbol font `lasy' in version `bold'
(Font)                  U/lasy/m/n --> U/lasy/b/n on input line 52.
)
(/usr/share/texlive/texmf-dist/tex/generic/babel/babel.sty
Package: babel 2016/02/24 3.9q The Babel package

(/usr/share/texlive/texmf-dist/tex/generic/babel-english/english.ldf
Language: english 2012/08/20 v3.3p English support from the babel system

(/usr/share/texlive/texmf-dist/tex/generic/babel/babel.def
File: babel.def 2016/02/24 3.9q Babel common definitions
\babel@savecnt=\count152
\U@D=\dimen188
LaTeX Info: Redefining \textlatin on input line 1448.
)
\l@canadian = a dialect from \language\l@american 
\l@australian = a dialect from \language\l@british 
\l@newzealand = a dialect from \language\l@british 
))
(/usr/share/texlive/texmf-dist/tex/latex/base/inputenc.sty
Package: inputenc 2015/03/17 v1.2c Input encoding file
\inpenc@prehook=\toks43
\inpenc@posthook=\toks44

(/usr/share/texlive/texmf-dist/tex/latex/base/latin1.def
File: latin1.def 2015/03/17 v1.2c Input encoding file
))
(/usr/share/texlive/texmf-dist/tex/latex/caption/subcaption.sty
Package: subcaption 2016/02/20 v1.1-142 Sub-captions (AR)

(/usr/share/texlive/texmf-dist/tex/latex/caption/caption.sty
Package: caption 2016/02/21 v3.3-144 Customizing captions (AR)

(/usr/share/texlive/texmf-dist/tex/latex/caption/caption3.sty
Package: caption3 2016/02/04 v1.7-139 caption3 kernel (AR)
Package caption3 Info: TeX engine: e-TeX on input line 67.
\captionmargin=\dimen189
\captionmargin@=\dimen190
\captionwidth=\dimen191
\caption@tempdima=\dimen192
\caption@indent=\dimen193
\caption@parindent=\dimen194
\caption@hangindent=\dimen195
)
\c@ContinuedFloat=\count153
Package caption Info: beamer document class.
Package caption Info: hyperref package is loaded.
Package caption Info: Hyperref support is turned off
(caption)             because hyperref has stopped early.
)
\c@subfigure=\count154
\c@subtable=\count155
)
(./beamerposter.sty
Package: beamerposter 2015/04/21 v.1.12 latex-beamer poster extension

(/usr/share/texlive/texmf-dist/tex/latex/xkeyval/xkeyval.sty
Package: xkeyval 2014/12/03 v2.7a package option processing (HA)

(/usr/share/texlive/texmf-dist/tex/generic/xkeyval/xkeyval.tex
(/usr/share/texlive/texmf-dist/tex/generic/xkeyval/xkvutils.tex
\XKV@toks=\toks45
\XKV@tempa@toks=\toks46
)
\XKV@depth=\count156
File: xkeyval.tex 2014/12/03 v2.7a key=value parser (HA)
))
(/usr/share/texlive/texmf-dist/tex/latex/type1cm/type1cm.sty
Package: type1cm 2002/09/05 v0.04 BlueSky/Y&Y Type1 CM font definitions (DPC, p
atched RF)
)
(/usr/share/texlive/texmf-dist/tex/latex/fp/fp.sty
Package: fp 1995/04/02

`Fixed Point Package', Version 0.8, April 2, 1995 (C) Michael Mehlich
(/usr/share/texlive/texmf-dist/tex/latex/fp/defpattern.sty
Package: defpattern 1994/10/12
\actioncount=\count157
)
(/usr/share/texlive/texmf-dist/tex/latex/fp/fp-basic.sty
Package: fp-basic 1996/05/13
\FP@xs=\count158
\FP@xia=\count159
\FP@xib=\count160
\FP@xfa=\count161
\FP@xfb=\count162
\FP@rega=\count163
\FP@regb=\count164
\FP@regs=\count165
\FP@times=\count166
)
(/usr/share/texlive/texmf-dist/tex/latex/fp/fp-addons.sty
Package: fp-addons 1995/03/15
)
(/usr/share/texlive/texmf-dist/tex/latex/fp/fp-snap.sty
Package: fp-snap 1995/04/05
)
(/usr/share/texlive/texmf-dist/tex/latex/fp/fp-exp.sty
Package: fp-exp 1995/04/03
)
(/usr/share/texlive/texmf-dist/tex/latex/fp/fp-trigo.sty
Package: fp-trigo 1995/04/14
)
(/usr/share/texlive/texmf-dist/tex/latex/fp/fp-pas.sty
Package: fp-pas 1994/08/29
)
(/usr/share/texlive/texmf-dist/tex/latex/fp/fp-random.sty
Package: fp-random 1995/02/23
\FPseed=\count167
)
(/usr/share/texlive/texmf-dist/tex/latex/fp/fp-eqn.sty
Package: fp-eqn 1995/04/03
)
(/usr/share/texlive/texmf-dist/tex/latex/fp/fp-upn.sty
Package: fp-upn 1996/10/21
)
(/usr/share/texlive/texmf-dist/tex/latex/fp/fp-eval.sty
Package: fp-eval 1995/04/03
))
Package beamerposter Info: checking size input, please wait. on input line 128.

Package beamerposter Info: the input a0\ 1\ was correct, we proceed. on input l
ine 128.
Package beamerposter Info: finished size input check. on input line 128.
Package beamerposter Info: myfontscale=1.0 on input line 128.
Package beamerposter Info: checking orientation input, please wait. on input li
ne 129.
Package beamerposter Info: the input landscape\ 1\ was correct, we proceed. on 
input line 129.
Package beamerposter Info: finished orientation check. on input line 129.
Package beamerposter Info: checking size input, please wait. on input line 129.

Package beamerposter Info: the input a0\ 1\ was correct, we proceed. on input l
ine 129.
Package beamerposter Info: finished size input check. on input line 129.
Package beamerposter Info: myfontscale=1.4 on input line 129.
Package beamerposter Info: enabled debug mode on input line 129.
 ( FP-UPN
FP debug: upn: +++ computing upn-expression "myfontscale fontscale * 2 round"
FP debug: upn: calculating "myfontscale"
FP debug: upn: result      "1.4"
FP debug: upn: calculating "fontscale"
FP debug: upn: result      "1.0"
FP debug: upn: calculating "1.0 mul 1.4"
( FP-MUL )
FP debug: upn: result      "1.400000000000000000"
FP debug: upn: calculating "2"
FP debug: upn: result      "2"
FP debug: upn: calculating "round(1.400000000000000000:2)"
( FP-ROUND )
FP debug: upn: result      "1.40"
FP debug: upn: +++ result of upn-expression is "(1.40)"
)
Package beamerposter Info: paperwidth=3380.75665pt, paperheight=2388.89357pt on
 input line 172.
Package beamerposter Info: textwidth=3352.3039pt, textwidth=2360.44081pt on inp
ut line 173.
Package beamerposter Info: fontscale=1.0, myfontscale=1.40 on input line 174.
 ( FP-UPN
FP debug: upn: +++ computing upn-expression "myfontscale fontSizeX * 2 round"
FP debug: upn: calculating "myfontscale"
FP debug: upn: result      "1.40"
FP debug: upn: calculating "fontSizeX"
FP debug: upn: result      "12"
FP debug: upn: calculating "12 mul 1.40"
( FP-MUL )
FP debug: upn: result      "16.800000000000000000"
FP debug: upn: calculating "2"
FP debug: upn: result      "2"
FP debug: upn: calculating "round(16.800000000000000000:2)"
( FP-ROUND )
FP debug: upn: result      "16.80"
FP debug: upn: +++ result of upn-expression is "(16.80)"
) ( FP-UPN
FP debug: upn: +++ computing upn-expression "myfontscale fontSizeY * 2 round"
FP debug: upn: calculating "myfontscale"
FP debug: upn: result      "1.40"
FP debug: upn: calculating "fontSizeY"
FP debug: upn: result      "14"
FP debug: upn: calculating "14 mul 1.40"
( FP-MUL )
FP debug: upn: result      "19.600000000000000000"
FP debug: upn: calculating "2"
FP debug: upn: result      "2"
FP debug: upn: calculating "round(19.600000000000000000:2)"
( FP-ROUND )
FP debug: upn: result      "19.60"
FP debug: upn: +++ result of upn-expression is "(19.60)"
) ( FP-UPN
FP debug: upn: +++ computing upn-expression "myfontscale fontSizeX * 2 round"
FP debug: upn: calculating "myfontscale"
FP debug: upn: result      "1.40"
FP debug: upn: calculating "fontSizeX"
FP debug: upn: result      "14.4"
FP debug: upn: calculating "14.4 mul 1.40"
( FP-MUL )
FP debug: upn: result      "20.160000000000000000"
FP debug: upn: calculating "2"
FP debug: upn: result      "2"
FP debug: upn: calculating "round(20.160000000000000000:2)"
( FP-ROUND )
FP debug: upn: result      "20.16"
FP debug: upn: +++ result of upn-expression is "(20.16)"
) ( FP-UPN
FP debug: upn: +++ computing upn-expression "myfontscale fontSizeY * 2 round"
FP debug: upn: calculating "myfontscale"
FP debug: upn: result      "1.40"
FP debug: upn: calculating "fontSizeY"
FP debug: upn: result      "18"
FP debug: upn: calculating "18 mul 1.40"
( FP-MUL )
FP debug: upn: result      "25.200000000000000000"
FP debug: upn: calculating "2"
FP debug: upn: result      "2"
FP debug: upn: calculating "round(25.200000000000000000:2)"
( FP-ROUND )
FP debug: upn: result      "25.20"
FP debug: upn: +++ result of upn-expression is "(25.20)"
) ( FP-UPN
FP debug: upn: +++ computing upn-expression "myfontscale fontSizeX * 2 round"
FP debug: upn: calculating "myfontscale"
FP debug: upn: result      "1.40"
FP debug: upn: calculating "fontSizeX"
FP debug: upn: result      "17.28"
FP debug: upn: calculating "17.28 mul 1.40"
( FP-MUL )
FP debug: upn: result      "24.192000000000000000"
FP debug: upn: calculating "2"
FP debug: upn: result      "2"
FP debug: upn: calculating "round(24.192000000000000000:2)"
( FP-ROUND )
FP debug: upn: result      "24.19"
FP debug: upn: +++ result of upn-expression is "(24.19)"
) ( FP-UPN
FP debug: upn: +++ computing upn-expression "myfontscale fontSizeY * 2 round"
FP debug: upn: calculating "myfontscale"
FP debug: upn: result      "1.40"
FP debug: upn: calculating "fontSizeY"
FP debug: upn: result      "22"
FP debug: upn: calculating "22 mul 1.40"
( FP-MUL )
FP debug: upn: result      "30.800000000000000000"
FP debug: upn: calculating "2"
FP debug: upn: result      "2"
FP debug: upn: calculating "round(30.800000000000000000:2)"
( FP-ROUND )
FP debug: upn: result      "30.80"
FP debug: upn: +++ result of upn-expression is "(30.80)"
) ( FP-UPN
FP debug: upn: +++ computing upn-expression "myfontscale fontSizeX * 2 round"
FP debug: upn: calculating "myfontscale"
FP debug: upn: result      "1.40"
FP debug: upn: calculating "fontSizeX"
FP debug: upn: result      "20.74"
FP debug: upn: calculating "20.74 mul 1.40"
( FP-MUL )
FP debug: upn: result      "29.036000000000000000"
FP debug: upn: calculating "2"
FP debug: upn: result      "2"
FP debug: upn: calculating "round(29.036000000000000000:2)"
( FP-ROUND )
FP debug: upn: result      "29.04"
FP debug: upn: +++ result of upn-expression is "(29.04)"
) ( FP-UPN
FP debug: upn: +++ computing upn-expression "myfontscale fontSizeY * 2 round"
FP debug: upn: calculating "myfontscale"
FP debug: upn: result      "1.40"
FP debug: upn: calculating "fontSizeY"
FP debug: upn: result      "25"
FP debug: upn: calculating "25 mul 1.40"
( FP-MUL )
FP debug: upn: result      "35.000000000000000000"
FP debug: upn: calculating "2"
FP debug: upn: result      "2"
FP debug: upn: calculating "round(35.000000000000000000:2)"
( FP-ROUND )
FP debug: upn: result      "35.00"
FP debug: upn: +++ result of upn-expression is "(35.00)"
) ( FP-UPN
FP debug: upn: +++ computing upn-expression "myfontscale fontSizeX * 2 round"
FP debug: upn: calculating "myfontscale"
FP debug: upn: result      "1.40"
FP debug: upn: calculating "fontSizeX"
FP debug: upn: result      "24.88"
FP debug: upn: calculating "24.88 mul 1.40"
( FP-MUL )
FP debug: upn: result      "34.832000000000000000"
FP debug: upn: calculating "2"
FP debug: upn: result      "2"
FP debug: upn: calculating "round(34.832000000000000000:2)"
( FP-ROUND )
FP debug: upn: result      "34.83"
FP debug: upn: +++ result of upn-expression is "(34.83)"
) ( FP-UPN
FP debug: upn: +++ computing upn-expression "myfontscale fontSizeY * 2 round"
FP debug: upn: calculating "myfontscale"
FP debug: upn: result      "1.40"
FP debug: upn: calculating "fontSizeY"
FP debug: upn: result      "30"
FP debug: upn: calculating "30 mul 1.40"
( FP-MUL )
FP debug: upn: result      "42.000000000000000000"
FP debug: upn: calculating "2"
FP debug: upn: result      "2"
FP debug: upn: calculating "round(42.000000000000000000:2)"
( FP-ROUND )
FP debug: upn: result      "42.00"
FP debug: upn: +++ result of upn-expression is "(42.00)"
) ( FP-UPN
FP debug: upn: +++ computing upn-expression "myfontscale fontSizeX * 2 round"
FP debug: upn: calculating "myfontscale"
FP debug: upn: result      "1.40"
FP debug: upn: calculating "fontSizeX"
FP debug: upn: result      "29.86"
FP debug: upn: calculating "29.86 mul 1.40"
( FP-MUL )
FP debug: upn: result      "41.804000000000000000"
FP debug: upn: calculating "2"
FP debug: upn: result      "2"
FP debug: upn: calculating "round(41.804000000000000000:2)"
( FP-ROUND )
FP debug: upn: result      "41.80"
FP debug: upn: +++ result of upn-expression is "(41.80)"
) ( FP-UPN
FP debug: upn: +++ computing upn-expression "myfontscale fontSizeY * 2 round"
FP debug: upn: calculating "myfontscale"
FP debug: upn: result      "1.40"
FP debug: upn: calculating "fontSizeY"
FP debug: upn: result      "37"
FP debug: upn: calculating "37 mul 1.40"
( FP-MUL )
FP debug: upn: result      "51.800000000000000000"
FP debug: upn: calculating "2"
FP debug: upn: result      "2"
FP debug: upn: calculating "round(51.800000000000000000:2)"
( FP-ROUND )
FP debug: upn: result      "51.80"
FP debug: upn: +++ result of upn-expression is "(51.80)"
) ( FP-UPN
FP debug: upn: +++ computing upn-expression "myfontscale fontSizeX * 2 round"
FP debug: upn: calculating "myfontscale"
FP debug: upn: result      "1.40"
FP debug: upn: calculating "fontSizeX"
FP debug: upn: result      "35.83"
FP debug: upn: calculating "35.83 mul 1.40"
( FP-MUL )
FP debug: upn: result      "50.162000000000000000"
FP debug: upn: calculating "2"
FP debug: upn: result      "2"
FP debug: upn: calculating "round(50.162000000000000000:2)"
( FP-ROUND )
FP debug: upn: result      "50.16"
FP debug: upn: +++ result of upn-expression is "(50.16)"
) ( FP-UPN
FP debug: upn: +++ computing upn-expression "myfontscale fontSizeY * 2 round"
FP debug: upn: calculating "myfontscale"
FP debug: upn: result      "1.40"
FP debug: upn: calculating "fontSizeY"
FP debug: upn: result      "45"
FP debug: upn: calculating "45 mul 1.40"
( FP-MUL )
FP debug: upn: result      "63.000000000000000000"
FP debug: upn: calculating "2"
FP debug: upn: result      "2"
FP debug: upn: calculating "round(63.000000000000000000:2)"
( FP-ROUND )
FP debug: upn: result      "63.00"
FP debug: upn: +++ result of upn-expression is "(63.00)"
) ( FP-UPN
FP debug: upn: +++ computing upn-expression "myfontscale fontSizeX * 2 round"
FP debug: upn: calculating "myfontscale"
FP debug: upn: result      "1.40"
FP debug: upn: calculating "fontSizeX"
FP debug: upn: result      "43"
FP debug: upn: calculating "43 mul 1.40"
( FP-MUL )
FP debug: upn: result      "60.200000000000000000"
FP debug: upn: calculating "2"
FP debug: upn: result      "2"
FP debug: upn: calculating "round(60.200000000000000000:2)"
( FP-ROUND )
FP debug: upn: result      "60.20"
FP debug: upn: +++ result of upn-expression is "(60.20)"
) ( FP-UPN
FP debug: upn: +++ computing upn-expression "myfontscale fontSizeY * 2 round"
FP debug: upn: calculating "myfontscale"
FP debug: upn: result      "1.40"
FP debug: upn: calculating "fontSizeY"
FP debug: upn: result      "54"
FP debug: upn: calculating "54 mul 1.40"
( FP-MUL )
FP debug: upn: result      "75.600000000000000000"
FP debug: upn: calculating "2"
FP debug: upn: result      "2"
FP debug: upn: calculating "round(75.600000000000000000:2)"
( FP-ROUND )
FP debug: upn: result      "75.60"
FP debug: upn: +++ result of upn-expression is "(75.60)"
) ( FP-UPN
FP debug: upn: +++ computing upn-expression "myfontscale fontSizeX * 2 round"
FP debug: upn: calculating "myfontscale"
FP debug: upn: result      "1.40"
FP debug: upn: calculating "fontSizeX"
FP debug: upn: result      "51.6"
FP debug: upn: calculating "51.6 mul 1.40"
( FP-MUL )
FP debug: upn: result      "72.240000000000000000"
FP debug: upn: calculating "2"
FP debug: upn: result      "2"
FP debug: upn: calculating "round(72.240000000000000000:2)"
( FP-ROUND )
FP debug: upn: result      "72.24"
FP debug: upn: +++ result of upn-expression is "(72.24)"
) ( FP-UPN
FP debug: upn: +++ computing upn-expression "myfontscale fontSizeY * 2 round"
FP debug: upn: calculating "myfontscale"
FP debug: upn: result      "1.40"
FP debug: upn: calculating "fontSizeY"
FP debug: upn: result      "64"
FP debug: upn: calculating "64 mul 1.40"
( FP-MUL )
FP debug: upn: result      "89.600000000000000000"
FP debug: upn: calculating "2"
FP debug: upn: result      "2"
FP debug: upn: calculating "round(89.600000000000000000:2)"
( FP-ROUND )
FP debug: upn: result      "89.60"
FP debug: upn: +++ result of upn-expression is "(89.60)"
) ( FP-UPN
FP debug: upn: +++ computing upn-expression "myfontscale fontSizeX * 2 round"
FP debug: upn: calculating "myfontscale"
FP debug: upn: result      "1.40"
FP debug: upn: calculating "fontSizeX"
FP debug: upn: result      "61.92"
FP debug: upn: calculating "61.92 mul 1.40"
( FP-MUL )
FP debug: upn: result      "86.688000000000000000"
FP debug: upn: calculating "2"
FP debug: upn: result      "2"
FP debug: upn: calculating "round(86.688000000000000000:2)"
( FP-ROUND )
FP debug: upn: result      "86.69"
FP debug: upn: +++ result of upn-expression is "(86.69)"
) ( FP-UPN
FP debug: upn: +++ computing upn-expression "myfontscale fontSizeY * 2 round"
FP debug: upn: calculating "myfontscale"
FP debug: upn: result      "1.40"
FP debug: upn: calculating "fontSizeY"
FP debug: upn: result      "77"
FP debug: upn: calculating "77 mul 1.40"
( FP-MUL )
FP debug: upn: result      "107.800000000000000000"
FP debug: upn: calculating "2"
FP debug: upn: result      "2"
FP debug: upn: calculating "round(107.800000000000000000:2)"
( FP-ROUND )
FP debug: upn: result      "107.80"
FP debug: upn: +++ result of upn-expression is "(107.80)"
) ( FP-UPN
FP debug: upn: +++ computing upn-expression "myfontscale fontSizeX * 2 round"
FP debug: upn: calculating "myfontscale"
FP debug: upn: result      "1.40"
FP debug: upn: calculating "fontSizeX"
FP debug: upn: result      "74.3"
FP debug: upn: calculating "74.3 mul 1.40"
( FP-MUL )
FP debug: upn: result      "104.020000000000000000"
FP debug: upn: calculating "2"
FP debug: upn: result      "2"
FP debug: upn: calculating "round(104.020000000000000000:2)"
( FP-ROUND )
FP debug: upn: result      "104.02"
FP debug: upn: +++ result of upn-expression is "(104.02)"
) ( FP-UPN
FP debug: upn: +++ computing upn-expression "myfontscale fontSizeY * 2 round"
FP debug: upn: calculating "myfontscale"
FP debug: upn: result      "1.40"
FP debug: upn: calculating "fontSizeY"
FP debug: upn: result      "93"
FP debug: upn: calculating "93 mul 1.40"
( FP-MUL )
FP debug: upn: result      "130.200000000000000000"
FP debug: upn: calculating "2"
FP debug: upn: result      "2"
FP debug: upn: calculating "round(130.200000000000000000:2)"
( FP-ROUND )
FP debug: upn: result      "130.20"
FP debug: upn: +++ result of upn-expression is "(130.20)"
) ( FP-UPN
FP debug: upn: +++ computing upn-expression "myfontscale fontSizeX * 2 round"
FP debug: upn: calculating "myfontscale"
FP debug: upn: result      "1.40"
FP debug: upn: calculating "fontSizeX"
FP debug: upn: result      "89.16"
FP debug: upn: calculating "89.16 mul 1.40"
( FP-MUL )
FP debug: upn: result      "124.824000000000000000"
FP debug: upn: calculating "2"
FP debug: upn: result      "2"
FP debug: upn: calculating "round(124.824000000000000000:2)"
( FP-ROUND )
FP debug: upn: result      "124.82"
FP debug: upn: +++ result of upn-expression is "(124.82)"
) ( FP-UPN
FP debug: upn: +++ computing upn-expression "myfontscale fontSizeY * 2 round"
FP debug: upn: calculating "myfontscale"
FP debug: upn: result      "1.40"
FP debug: upn: calculating "fontSizeY"
FP debug: upn: result      "112"
FP debug: upn: calculating "112 mul 1.40"
( FP-MUL )
FP debug: upn: result      "156.800000000000000000"
FP debug: upn: calculating "2"
FP debug: upn: result      "2"
FP debug: upn: calculating "round(156.800000000000000000:2)"
( FP-ROUND )
FP debug: upn: result      "156.80"
FP debug: upn: +++ result of upn-expression is "(156.80)"
) ( FP-UPN
FP debug: upn: +++ computing upn-expression "myfontscale fontSizeX * 2 round"
FP debug: upn: calculating "myfontscale"
FP debug: upn: result      "1.40"
FP debug: upn: calculating "fontSizeX"
FP debug: upn: result      "107"
FP debug: upn: calculating "107 mul 1.40"
( FP-MUL )
FP debug: upn: result      "149.800000000000000000"
FP debug: upn: calculating "2"
FP debug: upn: result      "2"
FP debug: upn: calculating "round(149.800000000000000000:2)"
( FP-ROUND )
FP debug: upn: result      "149.80"
FP debug: upn: +++ result of upn-expression is "(149.80)"
) ( FP-UPN
FP debug: upn: +++ computing upn-expression "myfontscale fontSizeY * 2 round"
FP debug: upn: calculating "myfontscale"
FP debug: upn: result      "1.40"
FP debug: upn: calculating "fontSizeY"
FP debug: upn: result      "134"
FP debug: upn: calculating "134 mul 1.40"
( FP-MUL )
FP debug: upn: result      "187.600000000000000000"
FP debug: upn: calculating "2"
FP debug: upn: result      "2"
FP debug: upn: calculating "round(187.600000000000000000:2)"
( FP-ROUND )
FP debug: upn: result      "187.60"
FP debug: upn: +++ result of upn-expression is "(187.60)"
) ( FP-UPN
FP debug: upn: +++ computing upn-expression "labelWidthValue myfontscale * 2 ro
und"
FP debug: upn: calculating "labelWidthValue"
FP debug: upn: result      "1"
FP debug: upn: calculating "myfontscale"
FP debug: upn: result      "1.40"
FP debug: upn: calculating "1.40 mul 1"
( FP-MUL )
FP debug: upn: result      "1.400000000000000000"
FP debug: upn: calculating "2"
FP debug: upn: result      "2"
FP debug: upn: calculating "round(1.400000000000000000:2)"
( FP-ROUND )
FP debug: upn: result      "1.40"
FP debug: upn: +++ result of upn-expression is "(1.40)"
) ( FP-UPN
FP debug: upn: +++ computing upn-expression "labelSepValue myfontscale * 2 roun
d"
FP debug: upn: calculating "labelSepValue"
FP debug: upn: result      "1"
FP debug: upn: calculating "myfontscale"
FP debug: upn: result      "1.40"
FP debug: upn: calculating "1.40 mul 1"
( FP-MUL )
FP debug: upn: result      "1.400000000000000000"
FP debug: upn: calculating "2"
FP debug: upn: result      "2"
FP debug: upn: calculating "round(1.400000000000000000:2)"
( FP-ROUND )
FP debug: upn: result      "1.40"
FP debug: upn: +++ result of upn-expression is "(1.40)"
) ( FP-UPN
FP debug: upn: +++ computing upn-expression "indentionLevelValuei myfontscale *
 2 round"
FP debug: upn: calculating "indentionLevelValuei"
FP debug: upn: result      "4"
FP debug: upn: calculating "myfontscale"
FP debug: upn: result      "1.40"
FP debug: upn: calculating "1.40 mul 4"
( FP-MUL )
FP debug: upn: result      "5.600000000000000000"
FP debug: upn: calculating "2"
FP debug: upn: result      "2"
FP debug: upn: calculating "round(5.600000000000000000:2)"
( FP-ROUND )
FP debug: upn: result      "5.60"
FP debug: upn: +++ result of upn-expression is "(5.60)"
) ( FP-UPN
FP debug: upn: +++ computing upn-expression "indentionLevelValueii myfontscale 
* 2 round"
FP debug: upn: calculating "indentionLevelValueii"
FP debug: upn: result      "2.2"
FP debug: upn: calculating "myfontscale"
FP debug: upn: result      "1.40"
FP debug: upn: calculating "1.40 mul 2.2"
( FP-MUL )
FP debug: upn: result      "3.080000000000000000"
FP debug: upn: calculating "2"
FP debug: upn: result      "2"
FP debug: upn: calculating "round(3.080000000000000000:2)"
( FP-ROUND )
FP debug: upn: result      "3.08"
FP debug: upn: +++ result of upn-expression is "(3.08)"
) ( FP-UPN
FP debug: upn: +++ computing upn-expression "indentionLevelValueiii myfontscale
 * 2 round"
FP debug: upn: calculating "indentionLevelValueiii"
FP debug: upn: result      "1.87"
FP debug: upn: calculating "myfontscale"
FP debug: upn: result      "1.40"
FP debug: upn: calculating "1.40 mul 1.87"
( FP-MUL )
FP debug: upn: result      "2.618000000000000000"
FP debug: upn: calculating "2"
FP debug: upn: result      "2"
FP debug: upn: calculating "round(2.618000000000000000:2)"
( FP-ROUND )
FP debug: upn: result      "2.62"
FP debug: upn: +++ result of upn-expression is "(2.62)"
) ( FP-UPN
FP debug: upn: +++ computing upn-expression "bibIconScaleValue myfontscale * 2 
round"
FP debug: upn: calculating "bibIconScaleValue"
FP debug: upn: result      "2"
FP debug: upn: calculating "myfontscale"
FP debug: upn: result      "1.40"
FP debug: upn: calculating "1.40 mul 2"
( FP-MUL )
FP debug: upn: result      "2.800000000000000000"
FP debug: upn: calculating "2"
FP debug: upn: result      "2"
FP debug: upn: calculating "round(2.800000000000000000:2)"
( FP-ROUND )
FP debug: upn: result      "2.80"
FP debug: upn: +++ result of upn-expression is "(2.80)"
)) (./poster.aux

LaTeX Warning: Label `fig:sub2' multiply defined.


LaTeX Warning: Label `sub@fig:sub2' multiply defined.

)
\openout1 = `poster.aux'.

LaTeX Font Info:    Checking defaults for OML/cmm/m/it on input line 27.
LaTeX Font Info:    ... okay on input line 27.
LaTeX Font Info:    Checking defaults for T1/cmr/m/n on input line 27.
LaTeX Font Info:    ... okay on input line 27.
LaTeX Font Info:    Checking defaults for OT1/cmr/m/n on input line 27.
LaTeX Font Info:    ... okay on input line 27.
LaTeX Font Info:    Checking defaults for OMS/cmsy/m/n on input line 27.
LaTeX Font Info:    ... okay on input line 27.
LaTeX Font Info:    Checking defaults for OMX/cmex/m/n on input line 27.
LaTeX Font Info:    ... okay on input line 27.
LaTeX Font Info:    Checking defaults for U/cmr/m/n on input line 27.
LaTeX Font Info:    ... okay on input line 27.
LaTeX Font Info:    Checking defaults for PD1/pdf/m/n on input line 27.
LaTeX Font Info:    ... okay on input line 27.
LaTeX Font Info:    Try loading font information for OT1+phv on input line 27.
 (/usr/share/texlive/texmf-dist/tex/latex/psnfss/ot1phv.fd
File: ot1phv.fd 2001/06/04 scalable font definitions for OT1/phv.
)
*geometry* driver: auto-detecting
*geometry* detected driver: pdftex
*geometry* verbose mode - [ preamble ] result:
* driver: pdftex
* paper: custom
* layout: <same size as paper>
* layoutoffset:(h,v)=(0.0pt,0.0pt)
* modes: includehead includefoot 
* h-part:(L,W,R)=(28.45274pt, 3323.85117pt, 28.45274pt)
* v-part:(T,H,B)=(0.0pt, 2388.89357pt, 0.0pt)
* \paperwidth=3380.75665pt
* \paperheight=2388.89357pt
* \textwidth=3323.85117pt
* \textheight=2360.44084pt
* \oddsidemargin=-43.81725pt
* \evensidemargin=-43.81725pt
* \topmargin=-72.26999pt
* \headheight=14.22636pt
* \headsep=0.0pt
* \topskip=11.0pt
* \footskip=14.22636pt
* \marginparwidth=4.0pt
* \marginparsep=10.0pt
* \columnsep=10.0pt
* \skip\footins=10.0pt plus 4.0pt minus 2.0pt
* \hoffset=0.0pt
* \voffset=0.0pt
* \mag=1000
* \@twocolumnfalse
* \@twosidefalse
* \@mparswitchfalse
* \@reversemarginfalse
* (1in=72.27pt=25.4mm, 1cm=28.453pt)

(/usr/share/texlive/texmf-dist/tex/context/base/supp-pdf.mkii
[Loading MPS to PDF converter (version 2006.09.02).]
\scratchcounter=\count168
\scratchdimen=\dimen196
\scratchbox=\box53
\nofMPsegments=\count169
\nofMParguments=\count170
\everyMPshowfont=\toks47
\MPscratchCnt=\count171
\MPscratchDim=\dimen197
\MPnumerator=\count172
\makeMPintoPDFobject=\count173
\everyMPtoPDFconversion=\toks48
) (/usr/share/texlive/texmf-dist/tex/latex/oberdiek/epstopdf-base.sty
Package: epstopdf-base 2010/02/09 v2.5 Base part for package epstopdf

(/usr/share/texlive/texmf-dist/tex/latex/oberdiek/grfext.sty
Package: grfext 2010/08/19 v1.1 Manage graphics extensions (HO)
)
Package grfext Info: Graphics extension search list:
(grfext)             [.png,.pdf,.jpg,.mps,.jpeg,.jbig2,.jb2,.PNG,.PDF,.JPG,.JPE
G,.JBIG2,.JB2,.eps]
(grfext)             \AppendGraphicsExtensions on input line 452.

(/usr/share/texlive/texmf-dist/tex/latex/latexconfig/epstopdf-sys.cfg
File: epstopdf-sys.cfg 2010/07/13 v1.3 Configuration of (r)epstopdf for TeX Liv
e
))
ABD: EveryShipout initializing macros
\AtBeginShipoutBox=\box54
Package hyperref Info: Link coloring OFF on input line 27.

(/usr/share/texlive/texmf-dist/tex/latex/hyperref/nameref.sty
Package: nameref 2012/10/27 v2.43 Cross-referencing by name of section

(/usr/share/texlive/texmf-dist/tex/generic/oberdiek/gettitlestring.sty
Package: gettitlestring 2010/12/03 v1.4 Cleanup title references (HO)
)
\c@section@level=\count174
)
LaTeX Info: Redefining \ref on input line 27.
LaTeX Info: Redefining \pageref on input line 27.
LaTeX Info: Redefining \nameref on input line 27.

(./poster.out) (./poster.out)
\@outlinefile=\write5
\openout5 = `poster.out'.

LaTeX Font Info:    Overwriting symbol font `operators' in version `normal'
(Font)                  OT1/cmr/m/n --> OT1/cmss/m/n on input line 27.
LaTeX Font Info:    Overwriting symbol font `operators' in version `bold'
(Font)                  OT1/cmr/bx/n --> OT1/cmss/bx/n on input line 27.
\symnumbers=\mathgroup7
\sympureletters=\mathgroup8
LaTeX Font Info:    Overwriting math alphabet `\mathrm' in version `normal'
(Font)                  OT1/cmss/m/n --> OT1/ptm/m/n on input line 27.
LaTeX Font Info:    Redeclaring math alphabet \mathbf on input line 27.
LaTeX Font Info:    Overwriting math alphabet `\mathbf' in version `normal'
(Font)                  OT1/cmr/bx/n --> OT1/phv/bx/n on input line 27.
LaTeX Font Info:    Overwriting math alphabet `\mathbf' in version `bold'
(Font)                  OT1/cmr/bx/n --> OT1/phv/bx/n on input line 27.
LaTeX Font Info:    Redeclaring math alphabet \mathsf on input line 27.
LaTeX Font Info:    Overwriting math alphabet `\mathsf' in version `normal'
(Font)                  OT1/cmss/m/n --> OT1/phv/m/n on input line 27.
LaTeX Font Info:    Overwriting math alphabet `\mathsf' in version `bold'
(Font)                  OT1/cmss/bx/n --> OT1/phv/m/n on input line 27.
LaTeX Font Info:    Redeclaring math alphabet \mathit on input line 27.
LaTeX Font Info:    Overwriting math alphabet `\mathit' in version `normal'
(Font)                  OT1/cmr/m/it --> OT1/phv/m/it on input line 27.
LaTeX Font Info:    Overwriting math alphabet `\mathit' in version `bold'
(Font)                  OT1/cmr/bx/it --> OT1/phv/m/it on input line 27.
LaTeX Font Info:    Redeclaring math alphabet \mathtt on input line 27.
LaTeX Font Info:    Overwriting math alphabet `\mathtt' in version `normal'
(Font)                  OT1/cmtt/m/n --> OT1/pcr/m/n on input line 27.
LaTeX Font Info:    Overwriting math alphabet `\mathtt' in version `bold'
(Font)                  OT1/cmtt/m/n --> OT1/pcr/m/n on input line 27.
LaTeX Font Info:    Overwriting symbol font `numbers' in version `bold'
(Font)                  OT1/phv/m/n --> OT1/phv/bx/n on input line 27.
LaTeX Font Info:    Overwriting symbol font `pureletters' in version `bold'
(Font)                  OT1/phv/m/it --> OT1/phv/bx/it on input line 27.
LaTeX Font Info:    Overwriting math alphabet `\mathrm' in version `bold'
(Font)                  OT1/cmss/bx/n --> OT1/ptm/bx/n on input line 27.
LaTeX Font Info:    Overwriting math alphabet `\mathbf' in version `bold'
(Font)                  OT1/phv/bx/n --> OT1/phv/bx/n on input line 27.
LaTeX Font Info:    Overwriting math alphabet `\mathsf' in version `bold'
(Font)                  OT1/phv/m/n --> OT1/phv/bx/n on input line 27.
LaTeX Font Info:    Overwriting math alphabet `\mathit' in version `bold'
(Font)                  OT1/phv/m/it --> OT1/phv/bx/it on input line 27.
LaTeX Font Info:    Overwriting math alphabet `\mathtt' in version `bold'
(Font)                  OT1/pcr/m/n --> OT1/pcr/bx/n on input line 27.

(/usr/share/texlive/texmf-dist/tex/latex/beamer/translator/dicts/translator-bas
ic-dictionary/translator-basic-dictionary-English.dict
Dictionary: translator-basic-dictionary, Language: English 
)
(/usr/share/texlive/texmf-dist/tex/latex/beamer/translator/dicts/translator-bib
liography-dictionary/translator-bibliography-dictionary-English.dict
Dictionary: translator-bibliography-dictionary, Language: English 
)
(/usr/share/texlive/texmf-dist/tex/latex/beamer/translator/dicts/translator-env
ironment-dictionary/translator-environment-dictionary-English.dict
Dictionary: translator-environment-dictionary, Language: English 
)
(/usr/share/texlive/texmf-dist/tex/latex/beamer/translator/dicts/translator-mon
ths-dictionary/translator-months-dictionary-English.dict
Dictionary: translator-months-dictionary, Language: English 
)
(/usr/share/texlive/texmf-dist/tex/latex/beamer/translator/dicts/translator-num
bers-dictionary/translator-numbers-dictionary-English.dict
Dictionary: translator-numbers-dictionary, Language: English 
)
(/usr/share/texlive/texmf-dist/tex/latex/beamer/translator/dicts/translator-the
orem-dictionary/translator-theorem-dictionary-English.dict
Dictionary: translator-theorem-dictionary, Language: English 
)
LaTeX Info: Redefining \includegraphics on input line 27.
Package caption Info: Begin \AtBeginDocument code.
Package caption Info: End \AtBeginDocument code.
 (./poster.nav)
[1

{/var/lib/texmf/fonts/map/pdftex/updmap/pdftex.map}]
LaTeX Font Info:    Font shape `OT1/phv/bx/n' in size <34.83> not available
(Font)              Font shape `OT1/phv/b/n' tried instead on input line 39.


LaTeX Warning: Citation `Parlett1964' on page 2 undefined on input line 39.

LaTeX Font Info:    Calculating math sizes for size <34.83> on input line 40.
LaTeX Font Info:    Font shape `OT1/phv/bx/n' in size <24.38089> not available
(Font)              Font shape `OT1/phv/b/n' tried instead on input line 40.
LaTeX Font Info:    Font shape `OT1/phv/bx/n' in size <17.415> not available
(Font)              Font shape `OT1/phv/b/n' tried instead on input line 40.
LaTeX Font Info:    Font shape `OT1/phv/bx/it' in size <34.83> not available
(Font)              Font shape `OT1/phv/b/it' tried instead on input line 40.
LaTeX Font Info:    Font shape `OT1/phv/b/it' in size <34.83> not available
(Font)              Font shape `OT1/phv/b/sl' tried instead on input line 40.
LaTeX Font Info:    Font shape `OT1/phv/bx/it' in size <24.38089> not available

(Font)              Font shape `OT1/phv/b/it' tried instead on input line 40.
LaTeX Font Info:    Font shape `OT1/phv/b/it' in size <24.38089> not available
(Font)              Font shape `OT1/phv/b/sl' tried instead on input line 40.
LaTeX Font Info:    Font shape `OT1/phv/bx/it' in size <17.415> not available
(Font)              Font shape `OT1/phv/b/it' tried instead on input line 40.
LaTeX Font Info:    Font shape `OT1/phv/b/it' in size <17.415> not available
(Font)              Font shape `OT1/phv/b/sl' tried instead on input line 40.
LaTeX Font Info:    Font shape `OT1/phv/m/it' in size <34.83> not available
(Font)              Font shape `OT1/phv/m/sl' tried instead on input line 51.

LaTeX Warning: Reference `sec:zeroinf' on page 2 undefined on input line 71.


Underfull \vbox (badness 10000) has occurred while \output is active []

 [2

]
<../LMPEPPaper/figures/iepoly2spring.pdf, id=75, 578.16pt x 433.62pt>
File: ../LMPEPPaper/figures/iepoly2spring.pdf Graphic file (type pdf)

<use ../LMPEPPaper/figures/iepoly2spring.pdf>
Package pdftex.def Info: ../LMPEPPaper/figures/iepoly2spring.pdf used on input 
line 98.
(pdftex.def)             Requested size: 997.16548pt x 747.91591pt.

<../LMPEPPaper/figures/iepoly2cd_player.pdf, id=76, 578.16pt x 433.62pt>
File: ../LMPEPPaper/figures/iepoly2cd_player.pdf Graphic file (type pdf)

<use ../LMPEPPaper/figures/iepoly2cd_player.pdf>
Package pdftex.def Info: ../LMPEPPaper/figures/iepoly2cd_player.pdf used on inp
ut line 104.
(pdftex.def)             Requested size: 997.16548pt x 747.91591pt.

<../LMPEPPaper/figures/iepoly2butterfly.pdf, id=77, 578.16pt x 433.62pt>
File: ../LMPEPPaper/figures/iepoly2butterfly.pdf Graphic file (type pdf)

<use ../LMPEPPaper/figures/iepoly2butterfly.pdf>
Package pdftex.def Info: ../LMPEPPaper/figures/iepoly2butterfly.pdf used on inp
ut line 110.
(pdftex.def)             Requested size: 997.16548pt x 747.91591pt.
LaTeX Font Info:    Font shape `OT1/phv/bx/n' in size <29.04> not available
(Font)              Font shape `OT1/phv/b/n' tried instead on input line 114.


LaTeX Warning: Citation `Betcke2013 Problems' on page 3 undefined on input line
 114.


LaTeX Warning: Citation `Betcke2013 Problems' on page 3 undefined on input line
 114.


Underfull \vbox (badness 10000) has occurred while \output is active []

 [3]
[4 <../LMPEPPaper/figures/iepoly2spring.pdf> <../LMPEPPaper/figures/iepoly2cd_p
layer.pdf

pdfTeX warning: /usr/bin/pdflatex (file ../LMPEPPaper/figures/iepoly2cd_player.
pdf): PDF inclusion: multiple pdfs with page group included in a single page
> <../LMPEPPaper/figures/iepoly2butterfly.pdf

pdfTeX warning: /usr/bin/pdflatex (file ../LMPEPPaper/figures/iepoly2butterfly.
pdf): PDF inclusion: multiple pdfs with page group included in a single page
>]
\tf@nav=\write6
\openout6 = `poster.nav'.

\tf@toc=\write7
\openout7 = `poster.toc'.

\tf@snm=\write8
\openout8 = `poster.snm'.

Package atveryend Info: Empty hook `BeforeClearDocument' on input line 121.
Package atveryend Info: Empty hook `AfterLastShipout' on input line 121.
 (./poster.aux)
Package atveryend Info: Empty hook `AtVeryEndDocument' on input line 121.
Package atveryend Info: Executing hook `AtEndAfterFileList' on input line 121.
Package rerunfilecheck Info: File `poster.out' has not changed.
(rerunfilecheck)             Checksum: D41D8CD98F00B204E9800998ECF8427E;0.


LaTeX Warning: There were undefined references.


LaTeX Warning: There were multiply-defined labels.

Package atveryend Info: Empty hook `AtVeryVeryEnd' on input line 121.
 ) 
Here is how much of TeX's memory you used:
 19305 strings out of 493029
 362757 string characters out of 6136234
 472621 words of memory out of 5000000
 22337 multiletter control sequences out of 15000+600000
 34093 words of font info for 67 fonts, out of 8000000 for 9000
 1141 hyphenation exceptions out of 8191
 56i,23n,77p,1261b,861s stack positions out of 5000i,500n,10000p,200000b,80000s
pdfTeX warning (dest): name{sec:zeroinf} has been referenced but does not exi
st, replaced by a fixed one

pdfTeX warning (dest): name{eq:S2} has been referenced but does not exist, repl
aced by a fixed one

pdfTeX warning (dest): name{eq:S1} has been referenced but does not exist, repl
aced by a fixed one

{/usr/share/texlive/texmf-dist/fonts/enc/dvips/base/8r.enc}</usr/share/texlive/
texmf-dist/fonts/type1/public/amsfonts/cm/cmbsy10.pfb></usr/share/texlive/texmf
-dist/fonts/type1/public/amsfonts/cm/cmex10.pfb></usr/share/texlive/texmf-dist/
fonts/type1/public/amsfonts/cm/cmmib10.pfb></usr/share/texlive/texmf-dist/fonts
/type1/public/amsfonts/cm/cmssbx10.pfb></usr/share/texlive/texmf-dist/fonts/typ
e1/public/amsfonts/symbols/msbm10.pfb></usr/share/texlive/texmf-dist/fonts/type
1/urw/helvetic/uhvb8a.pfb></usr/share/texlive/texmf-dist/fonts/type1/urw/helvet
ic/uhvbo8a.pfb></usr/share/texlive/texmf-dist/fonts/type1/urw/helvetic/uhvr8a.p
fb></usr/share/texlive/texmf-dist/fonts/type1/urw/helvetic/uhvro8a.pfb>
Output written on poster.pdf (4 pages, 111470 bytes).
PDF statistics:
 283 PDF objects out of 1000 (max. 8388607)
 163 compressed objects within 2 object streams
 12 named destinations out of 1000 (max. 500000)
 58 words of extra memory for PDF output out of 10000 (max. 10000000)

