This is pdfTeX, Version 3.14159265-2.6-1.40.16 (TeX Live 2015/Debian) (preloaded format=latex 2017.9.16)  14 OCT 2017 14:27
entering extended mode
 restricted \write18 enabled.
 %&-line parsing enabled.
**tikzposter.ins
(./tikzposter.ins
LaTeX2e <2016/02/01>
Babel <3.9q> and hyphenation patterns for 81 language(s) loaded.
(/usr/share/texlive/texmf-dist/tex/latex/base/docstrip.tex
\blockLevel=\count79
\emptyLines=\count80
\processedLines=\count81
\commentsRemoved=\count82
\commentsPassed=\count83
\codeLinesPassed=\count84
\TotalprocessedLines=\count85
\TotalcommentsRemoved=\count86
\TotalcommentsPassed=\count87
\TotalcodeLinesPassed=\count88
\NumberOfFiles=\count89
\inFile=\read1
\inputcheck=\read2
\off@0=\count90
\off@1=\count91
\off@2=\count92
\off@3=\count93
\off@4=\count94
\off@5=\count95
\off@6=\count96
\off@7=\count97
\off@8=\count98
\off@9=\count99
\off@10=\count100
\off@11=\count101
\off@12=\count102
\off@13=\count103
\off@14=\count104
\off@15=\count105
\@maxfiles=\count106
\@maxoutfiles=\count107

Utility: `docstrip' 2.5e <2014/09/29>
English documentation    <2014/09/29>

**********************************************************
* This program converts documented macro-files into fast *
* loadable files by stripping off (nearly) all comments! *
**********************************************************

********************************************************
* No Configuration file found, using default settings. *
********************************************************

)

Generating file(s) ./tikzposter.cls 
\openout0 = `./tikzposter.cls'.


Processing file tikzposter.dtx (tikzposter.cls) -> tikzposter.cls
File tikzposter.dtx ended by \endinput.
Lines  processed: 2887
Comments removed: 653
Comments  passed: 3
Codelines passed: 2207


Generating file(s) ./tikzposterColorstyles.tex 
\openout0 = `./tikzposterColorstyles.tex'.


Processing file tikzposter.dtx (tikzposterColorstyles.tex) -> tikzposterColorst
yles.tex
File tikzposter.dtx ended by \endinput.
Lines  processed: 2887
Comments removed: 653
Comments  passed: 3
Codelines passed: 2207


Generating file(s) ./tikzposterColorpalettes.tex 
\openout0 = `./tikzposterColorpalettes.tex'.


Processing file tikzposter.dtx (tikzposterColorpalettes.tex) -> tikzposterColor
palettes.tex
File tikzposter.dtx ended by \endinput.
Lines  processed: 2887
Comments removed: 653
Comments  passed: 3
Codelines passed: 2207


Generating file(s) ./tikzposter-template.tex 
\openout0 = `./tikzposter-template.tex'.


Processing file tikzposter.dtx (tikzposter-template.tex) -> tikzposter-template
.tex
File tikzposter.dtx ended by \endinput.
Lines  processed: 2887
Comments removed: 653
Comments  passed: 3
Codelines passed: 2207


Generating file(s) ./tikzposter-example.tex 
\openout0 = `./tikzposter-example.tex'.


Processing file tikzposter.dtx (tikzposter-example.tex) -> tikzposter-example.t
ex
File tikzposter.dtx ended by \endinput.
Lines  processed: 2887
Comments removed: 653
Comments  passed: 3
Codelines passed: 2207


Generating file(s) ./tikzposterBackgroundstyles.tex 
\openout0 = `./tikzposterBackgroundstyles.tex'.


Processing file tikzposter.dtx (tikzposterBackgroundstyles.tex) -> tikzposterBa
ckgroundstyles.tex
File tikzposter.dtx ended by \endinput.
Lines  processed: 2887
Comments removed: 653
Comments  passed: 3
Codelines passed: 2207


Generating file(s) ./tikzposterBlockstyles.tex 
\openout0 = `./tikzposterBlockstyles.tex'.


Processing file tikzposter.dtx (tikzposterBlockstyles.tex) -> tikzposterBlockst
yles.tex
File tikzposter.dtx ended by \endinput.
Lines  processed: 2887
Comments removed: 653
Comments  passed: 3
Codelines passed: 2207


Generating file(s) ./tikzposterInnerblockstyles.tex 
\openout0 = `./tikzposterInnerblockstyles.tex'.


Processing file tikzposter.dtx (tikzposterInnerblockstyles.tex) -> tikzposterIn
nerblockstyles.tex
File tikzposter.dtx ended by \endinput.
Lines  processed: 2887
Comments removed: 653
Comments  passed: 3
Codelines passed: 2207


Generating file(s) ./tikzposterNotestyles.tex 
\openout0 = `./tikzposterNotestyles.tex'.


Processing file tikzposter.dtx (tikzposterNotestyles.tex) -> tikzposterNotestyl
es.tex
File tikzposter.dtx ended by \endinput.
Lines  processed: 2887
Comments removed: 653
Comments  passed: 3
Codelines passed: 2207


Generating file(s) ./tikzposterTitlestyles.tex 
\openout0 = `./tikzposterTitlestyles.tex'.


Processing file tikzposter.dtx (tikzposterTitlestyles.tex) -> tikzposterTitlest
yles.tex
File tikzposter.dtx ended by \endinput.
Lines  processed: 2887
Comments removed: 653
Comments  passed: 3
Codelines passed: 2207


Generating file(s) ./tikzposterLayoutthemes.tex 
\openout0 = `./tikzposterLayoutthemes.tex'.


Processing file tikzposter.dtx (tikzposterLayoutthemes.tex) -> tikzposterLayout
themes.tex
File tikzposter.dtx ended by \endinput.
Lines  processed: 2887
Comments removed: 653
Comments  passed: 3
Codelines passed: 2207

*********************************************************
*
* To finish the installation you have to move the
* following file into a directory searched by TeX:
*
* tikzposter.cls
* tikzposterColorstyles.tex
* tikzposterColorpalettes.tex
* tikzposterBackgroundstyles.tex
* tikzposterBlockstyles.tex
* tikzposterInnerblockstyles.tex
* tikzposterNotestyles.tex
* tikzposterTitlestyles.tex
* tikzposterLayoutthemes.tex
* To produce the documentation run the file
* through LaTeX.
*
* Happy TeXing!
*********************************************************
Overall statistics:
Files  processed: 11
Lines  processed: 31757
Comments removed: 7183
Comments  passed: 33
Codelines passed: 24277
 ) 
Here is how much of TeX's memory you used:
 411 strings out of 493030
 5508 string characters out of 6136260
 59369 words of memory out of 5000000
 4031 multiletter control sequences out of 15000+600000
 3640 words of font info for 14 fonts, out of 8000000 for 9000
 1141 hyphenation exceptions out of 8191
 11i,0n,15p,1000b,151s stack positions out of 5000i,500n,10000p,200000b,80000s

No pages of output.
